<html>
<head>
<title>TestNG:  Default test</title>
<link href="../testng.css" rel="stylesheet" type="text/css" />
<link href="../my-testng.css" rel="stylesheet" type="text/css" />

<style type="text/css">
.log { display: none;} 
.stack-trace { display: none;} 
</style>
<script type="text/javascript">
<!--
function flip(e) {
  current = e.style.display;
  if (current == 'block') {
    e.style.display = 'none';
    return 0;
  }
  else {
    e.style.display = 'block';
    return 1;
  }
}

function toggleBox(szDivId, elem, msg1, msg2)
{
  var res = -1;  if (document.getElementById) {
    res = flip(document.getElementById(szDivId));
  }
  else if (document.all) {
    // this is the way old msie versions work
    res = flip(document.all[szDivId]);
  }
  if(elem) {
    if(res == 0) elem.innerHTML = msg1; else elem.innerHTML = msg2;
  }

}

function toggleAllBoxes() {
  if (document.getElementsByTagName) {
    d = document.getElementsByTagName('div');
    for (i = 0; i < d.length; i++) {
      if (d[i].className == 'log') {
        flip(d[i]);
      }
    }
  }
}

// -->
</script>

</head>
<body>
<h2 align='center'>Default test</h2><table border='1' align="center">
<tr>
<td>Tests passed/Failed/Skipped:</td><td>18/1/0</td>
</tr><tr>
<td>Started on:</td><td>Mon Apr 01 16:55:51 IST 2024</td>
</tr>
<tr><td>Total time:</td><td>855 seconds (855674 ms)</td>
</tr><tr>
<td>Included groups:</td><td></td>
</tr><tr>
<td>Excluded groups:</td><td></td>
</tr>
</table><p/>
<small><i>(Hover the method name to see the test class name)</i></small><p/>
<table width='100%' border='1' class='invocation-failed'>
<tr><td colspan='4' align='center'><b>FAILED TESTS</b></td></tr>
<tr><td><b>Test method</b></td>
<td width="30%"><b>Exception</b></td>
<td width="10%"><b>Time (seconds)</b></td>
<td><b>Instance</b></td>
</tr>
<tr>
<td title='com.wizrspaceAPP.TestWizrspace.changelogin()'><b>changelogin</b><br>Test class: com.wizrspaceAPP.TestWizrspace</td>
<td><div><pre>org.openqa.selenium.NoSuchElementException: no such element: Unable to locate element: {&quot;method&quot;:&quot;css selector&quot;,&quot;selector&quot;:&quot;#password&quot;}
  (Session info: chrome=123.0.6312.86)
For documentation on this error, please visit: https://www.selenium.dev/documentation/webdriver/troubleshooting/errors#no-such-element-exception
Build info: version: &apos;4.11.0&apos;, revision: &apos;040bc5406b&apos;
System info: os.name: &apos;Windows 10&apos;, os.arch: &apos;amd64&apos;, os.version: &apos;10.0&apos;, java.version: &apos;17.0.9&apos;
Driver info: org.openqa.selenium.chrome.ChromeDriver
Command: [57039a23f567d0ee33f3b85c40c16361, findElement {using=id, value=password}]
Capabilities {acceptInsecureCerts: false, browserName: chrome, browserVersion: 123.0.6312.86, chrome: {chromedriverVersion: 123.0.6312.86 (9b72c47a0536..., userDataDir: C:\Users\annesh_d\AppData\L...}, fedcm:accounts: true, goog:chromeOptions: {debuggerAddress: localhost:50746}, networkConnectionEnabled: false, pageLoadStrategy: normal, platformName: windows, proxy: Proxy(), se:cdp: ws://localhost:50746/devtoo..., se:cdpVersion: 123.0.6312.86, setWindowRect: true, strictFileInteractability: false, timeouts: {implicit: 0, pageLoad: 300000, script: 30000}, unhandledPromptBehavior: dismiss and notify, webauthn:extension:credBlob: true, webauthn:extension:largeBlob: true, webauthn:extension:minPinLength: true, webauthn:extension:prf: true, webauthn:virtualAuthenticators: true}
Session ID: 57039a23f567d0ee33f3b85c40c16361
	at java.base/jdk.internal.reflect.NativeConstructorAccessorImpl.newInstance0(Native Method)
	at java.base/jdk.internal.reflect.NativeConstructorAccessorImpl.newInstance(NativeConstructorAccessorImpl.java:77)
	at java.base/jdk.internal.reflect.DelegatingConstructorAccessorImpl.newInstance(DelegatingConstructorAccessorImpl.java:45)
	at java.base/java.lang.reflect.Constructor.newInstanceWithCaller(Constructor.java:499)
	at java.base/java.lang.reflect.Constructor.newInstance(Constructor.java:480)
	at org.openqa.selenium.remote.codec.w3c.W3CHttpResponseCodec.createException(W3CHttpResponseCodec.java:200)
	at org.openqa.selenium.remote.codec.w3c.W3CHttpResponseCodec.decode(W3CHttpResponseCodec.java:133)
	at org.openqa.selenium.remote.codec.w3c.W3CHttpResponseCodec.decode(W3CHttpResponseCodec.java:52)
	at org.openqa.selenium.remote.HttpCommandExecutor.execute(HttpCommandExecutor.java:191)
	at org.openqa.selenium.remote.service.DriverCommandExecutor.invokeExecute(DriverCommandExecutor.java:196)
	at org.openqa.selenium.remote.service.DriverCommandExecutor.execute(DriverCommandExecutor.java:171)
	at org.openqa.selenium.remote.RemoteWebDriver.execute(RemoteWebDriver.java:518)
	at org.openqa.selenium.remote.ElementLocation$ElementFinder$2.findElement(ElementLocation.java:165)
	at org.openqa.selenium.remote.ElementLocation.findElement(ElementLocation.java:66)
	at org.openqa.selenium.remote.RemoteWebDriver.findElement(RemoteWebDriver.java:355)
	at org.openqa.selenium.remote.RemoteWebDriver.findElement(RemoteWebDriver.java:349)
	at com.wizrspace.Sharedlogin.shared_with_me(Sharedlogin.java:19)
	at com.wizrspaceAPP.TestWizrspace.changelogin(TestWizrspace.java:126)
	at java.base/jdk.internal.reflect.NativeMethodAccessorImpl.invoke0(Native Method)
	at java.base/jdk.internal.reflect.NativeMethodAccessorImpl.invoke(NativeMethodAccessorImpl.java:77)
	at java.base/jdk.internal.reflect.DelegatingMethodAccessorImpl.invoke(DelegatingMethodAccessorImpl.java:43)
	at java.base/java.lang.reflect.Method.invoke(Method.java:568)
	at org.testng.internal.MethodInvocationHelper.invokeMethod(MethodInvocationHelper.java:124)
	at org.testng.internal.Invoker.invokeMethod(Invoker.java:583)
	at org.testng.internal.Invoker.invokeTestMethod(Invoker.java:719)
	at org.testng.internal.Invoker.invokeTestMethods(Invoker.java:989)
	at org.testng.internal.TestMethodWorker.invokeTestMethods(TestMethodWorker.java:125)
	at org.testng.internal.TestMethodWorker.run(TestMethodWorker.java:109)
	at org.testng.TestRunner.privateRun(TestRunner.java:648)
	at org.testng.TestRunner.run(TestRunner.java:505)
	at org.testng.SuiteRunner.runTest(SuiteRunner.java:455)
	at org.testng.SuiteRunner.runSequentially(SuiteRunner.java:450)
	at org.testng.SuiteRunner.privateRun(SuiteRunner.java:415)
	at org.testng.SuiteRunner.run(SuiteRunner.java:364)
	at org.testng.SuiteRunnerWorker.runSuite(SuiteRunnerWorker.java:52)
	at org.testng.SuiteRunnerWorker.run(SuiteRunnerWorker.java:84)
	at org.testng.TestNG.runSuitesSequentially(TestNG.java:1208)
	at org.testng.TestNG.runSuitesLocally(TestNG.java:1137)
	at org.testng.TestNG.runSuites(TestNG.java:1049)
	at org.testng.TestNG.run(TestNG.java:1017)
	at org.testng.remote.AbstractRemoteTestNG.run(AbstractRemoteTestNG.java:115)
	at org.testng.remote.RemoteTestNG.initAndRun(RemoteTestNG.java:251)
	at org.testng.remote.RemoteTestNG.main(RemoteTestNG.java:77)
</pre></div><a href='#' onClick='toggleBox("stack-trace1384323699", this, "Click to show all stack frames", "Click to hide stack frames")'>Click to show all stack frames</a>
<div class='stack-trace' id='stack-trace1384323699'><pre>org.openqa.selenium.NoSuchElementException: no such element: Unable to locate element: {&quot;method&quot;:&quot;css selector&quot;,&quot;selector&quot;:&quot;#password&quot;}
  (Session info: chrome=123.0.6312.86)
For documentation on this error, please visit: https://www.selenium.dev/documentation/webdriver/troubleshooting/errors#no-such-element-exception
Build info: version: &apos;4.11.0&apos;, revision: &apos;040bc5406b&apos;
System info: os.name: &apos;Windows 10&apos;, os.arch: &apos;amd64&apos;, os.version: &apos;10.0&apos;, java.version: &apos;17.0.9&apos;
Driver info: org.openqa.selenium.chrome.ChromeDriver
Command: [57039a23f567d0ee33f3b85c40c16361, findElement {using=id, value=password}]
Capabilities {acceptInsecureCerts: false, browserName: chrome, browserVersion: 123.0.6312.86, chrome: {chromedriverVersion: 123.0.6312.86 (9b72c47a0536..., userDataDir: C:\Users\annesh_d\AppData\L...}, fedcm:accounts: true, goog:chromeOptions: {debuggerAddress: localhost:50746}, networkConnectionEnabled: false, pageLoadStrategy: normal, platformName: windows, proxy: Proxy(), se:cdp: ws://localhost:50746/devtoo..., se:cdpVersion: 123.0.6312.86, setWindowRect: true, strictFileInteractability: false, timeouts: {implicit: 0, pageLoad: 300000, script: 30000}, unhandledPromptBehavior: dismiss and notify, webauthn:extension:credBlob: true, webauthn:extension:largeBlob: true, webauthn:extension:minPinLength: true, webauthn:extension:prf: true, webauthn:virtualAuthenticators: true}
Session ID: 57039a23f567d0ee33f3b85c40c16361
	at java.base/jdk.internal.reflect.NativeConstructorAccessorImpl.newInstance0(Native Method)
	at java.base/jdk.internal.reflect.NativeConstructorAccessorImpl.newInstance(NativeConstructorAccessorImpl.java:77)
	at java.base/jdk.internal.reflect.DelegatingConstructorAccessorImpl.newInstance(DelegatingConstructorAccessorImpl.java:45)
	at java.base/java.lang.reflect.Constructor.newInstanceWithCaller(Constructor.java:499)
	at java.base/java.lang.reflect.Constructor.newInstance(Constructor.java:480)
	at org.openqa.selenium.remote.codec.w3c.W3CHttpResponseCodec.createException(W3CHttpResponseCodec.java:200)
	at org.openqa.selenium.remote.codec.w3c.W3CHttpResponseCodec.decode(W3CHttpResponseCodec.java:133)
	at org.openqa.selenium.remote.codec.w3c.W3CHttpResponseCodec.decode(W3CHttpResponseCodec.java:52)
	at org.openqa.selenium.remote.HttpCommandExecutor.execute(HttpCommandExecutor.java:191)
	at org.openqa.selenium.remote.service.DriverCommandExecutor.invokeExecute(DriverCommandExecutor.java:196)
	at org.openqa.selenium.remote.service.DriverCommandExecutor.execute(DriverCommandExecutor.java:171)
	at org.openqa.selenium.remote.RemoteWebDriver.execute(RemoteWebDriver.java:518)
	at org.openqa.selenium.remote.ElementLocation$ElementFinder$2.findElement(ElementLocation.java:165)
	at org.openqa.selenium.remote.ElementLocation.findElement(ElementLocation.java:66)
	at org.openqa.selenium.remote.RemoteWebDriver.findElement(RemoteWebDriver.java:355)
	at org.openqa.selenium.remote.RemoteWebDriver.findElement(RemoteWebDriver.java:349)
	at com.wizrspace.Sharedlogin.shared_with_me(Sharedlogin.java:19)
	at com.wizrspaceAPP.TestWizrspace.changelogin(TestWizrspace.java:126)
	at java.base/jdk.internal.reflect.NativeMethodAccessorImpl.invoke0(Native Method)
	at java.base/jdk.internal.reflect.NativeMethodAccessorImpl.invoke(NativeMethodAccessorImpl.java:77)
	at java.base/jdk.internal.reflect.DelegatingMethodAccessorImpl.invoke(DelegatingMethodAccessorImpl.java:43)
	at java.base/java.lang.reflect.Method.invoke(Method.java:568)
	at org.testng.internal.MethodInvocationHelper.invokeMethod(MethodInvocationHelper.java:124)
	at org.testng.internal.Invoker.invokeMethod(Invoker.java:583)
	at org.testng.internal.Invoker.invokeTestMethod(Invoker.java:719)
	at org.testng.internal.Invoker.invokeTestMethods(Invoker.java:989)
	at org.testng.internal.TestMethodWorker.invokeTestMethods(TestMethodWorker.java:125)
	at org.testng.internal.TestMethodWorker.run(TestMethodWorker.java:109)
	at org.testng.TestRunner.privateRun(TestRunner.java:648)
	at org.testng.TestRunner.run(TestRunner.java:505)
	at org.testng.SuiteRunner.runTest(SuiteRunner.java:455)
	at org.testng.SuiteRunner.runSequentially(SuiteRunner.java:450)
	at org.testng.SuiteRunner.privateRun(SuiteRunner.java:415)
	at org.testng.SuiteRunner.run(SuiteRunner.java:364)
	at org.testng.SuiteRunnerWorker.runSuite(SuiteRunnerWorker.java:52)
	at org.testng.SuiteRunnerWorker.run(SuiteRunnerWorker.java:84)
	at org.testng.TestNG.runSuitesSequentially(TestNG.java:1208)
	at org.testng.TestNG.runSuitesLocally(TestNG.java:1137)
	at org.testng.TestNG.runSuites(TestNG.java:1049)
	at org.testng.TestNG.run(TestNG.java:1017)
	at org.testng.remote.AbstractRemoteTestNG.run(AbstractRemoteTestNG.java:115)
	at org.testng.remote.RemoteTestNG.initAndRun(RemoteTestNG.java:251)
	at org.testng.remote.RemoteTestNG.main(RemoteTestNG.java:77)
</pre></div></td>
<td>60</td>
<td>com.wizrspaceAPP.TestWizrspace@363a52f</td></tr>
</table><p>
<table width='100%' border='1' class='invocation-passed'>
<tr><td colspan='4' align='center'><b>PASSED TESTS</b></td></tr>
<tr><td><b>Test method</b></td>
<td width="30%"><b>Exception</b></td>
<td width="10%"><b>Time (seconds)</b></td>
<td><b>Instance</b></td>
</tr>
<tr>
<td title='com.wizrspaceAPP.TestWizrspace.Listviewpage()'><b>Listviewpage</b><br>Test class: com.wizrspaceAPP.TestWizrspace</td>
<td></td>
<td>324</td>
<td>com.wizrspaceAPP.TestWizrspace@363a52f</td></tr>
<tr>
<td title='com.wizrspaceAPP.TestWizrspace.Renamefile()'><b>Renamefile</b><br>Test class: com.wizrspaceAPP.TestWizrspace</td>
<td></td>
<td>10</td>
<td>com.wizrspaceAPP.TestWizrspace@363a52f</td></tr>
<tr>
<td title='com.wizrspaceAPP.TestWizrspace.Sharedfile()'><b>Sharedfile</b><br>Test class: com.wizrspaceAPP.TestWizrspace</td>
<td></td>
<td>68</td>
<td>com.wizrspaceAPP.TestWizrspace@363a52f</td></tr>
<tr>
<td title='com.wizrspaceAPP.TestWizrspace.Tag()'><b>Tag</b><br>Test class: com.wizrspaceAPP.TestWizrspace</td>
<td></td>
<td>32</td>
<td>com.wizrspaceAPP.TestWizrspace@363a52f</td></tr>
<tr>
<td title='com.wizrspaceAPP.TestWizrspace.backtomainlogin()'><b>backtomainlogin</b><br>Test class: com.wizrspaceAPP.TestWizrspace</td>
<td></td>
<td>23</td>
<td>com.wizrspaceAPP.TestWizrspace@363a52f</td></tr>
<tr>
<td title='com.wizrspaceAPP.TestWizrspace.delete_and_undo()'><b>delete_and_undo</b><br>Test class: com.wizrspaceAPP.TestWizrspace</td>
<td></td>
<td>15</td>
<td>com.wizrspaceAPP.TestWizrspace@363a52f</td></tr>
<tr>
<td title='com.wizrspaceAPP.TestWizrspace.duplicate_file()'><b>duplicate_file</b><br>Test class: com.wizrspaceAPP.TestWizrspace</td>
<td></td>
<td>5</td>
<td>com.wizrspaceAPP.TestWizrspace@363a52f</td></tr>
<tr>
<td title='com.wizrspaceAPP.TestWizrspace.duplicatefile_allOptioncheck()'><b>duplicatefile_allOptioncheck</b><br>Test class: com.wizrspaceAPP.TestWizrspace</td>
<td></td>
<td>0</td>
<td>com.wizrspaceAPP.TestWizrspace@363a52f</td></tr>
<tr>
<td title='com.wizrspaceAPP.TestWizrspace.enable_disable_comment()'><b>enable_disable_comment</b><br>Test class: com.wizrspaceAPP.TestWizrspace</td>
<td></td>
<td>4</td>
<td>com.wizrspaceAPP.TestWizrspace@363a52f</td></tr>
<tr>
<td title='com.wizrspaceAPP.TestWizrspace.file_properties()'><b>file_properties</b><br>Test class: com.wizrspaceAPP.TestWizrspace</td>
<td></td>
<td>52</td>
<td>com.wizrspaceAPP.TestWizrspace@363a52f</td></tr>
<tr>
<td title='com.wizrspaceAPP.TestWizrspace.login()'><b>login</b><br>Test class: com.wizrspaceAPP.TestWizrspace</td>
<td></td>
<td>17</td>
<td>com.wizrspaceAPP.TestWizrspace@363a52f</td></tr>
<tr>
<td title='com.wizrspaceAPP.TestWizrspace.movefile()'><b>movefile</b><br>Test class: com.wizrspaceAPP.TestWizrspace</td>
<td></td>
<td>21</td>
<td>com.wizrspaceAPP.TestWizrspace@363a52f</td></tr>
<tr>
<td title='com.wizrspaceAPP.TestWizrspace.recentpage()'><b>recentpage</b><br>Test class: com.wizrspaceAPP.TestWizrspace</td>
<td></td>
<td>64</td>
<td>com.wizrspaceAPP.TestWizrspace@363a52f</td></tr>
<tr>
<td title='com.wizrspaceAPP.TestWizrspace.share_via_link()'><b>share_via_link</b><br>Test class: com.wizrspaceAPP.TestWizrspace</td>
<td></td>
<td>14</td>
<td>com.wizrspaceAPP.TestWizrspace@363a52f</td></tr>
<tr>
<td title='com.wizrspaceAPP.TestWizrspace.starredfile()'><b>starredfile</b><br>Test class: com.wizrspaceAPP.TestWizrspace</td>
<td></td>
<td>23</td>
<td>com.wizrspaceAPP.TestWizrspace@363a52f</td></tr>
<tr>
<td title='com.wizrspaceAPP.TestWizrspace.view_comment()'><b>view_comment</b><br>Test class: com.wizrspaceAPP.TestWizrspace</td>
<td></td>
<td>5</td>
<td>com.wizrspaceAPP.TestWizrspace@363a52f</td></tr>
<tr>
<td title='com.wizrspaceAPP.TestWizrspace.wizr_space()'><b>wizr_space</b><br>Test class: com.wizrspaceAPP.TestWizrspace</td>
<td></td>
<td>45</td>
<td>com.wizrspaceAPP.TestWizrspace@363a52f</td></tr>
<tr>
<td title='com.wizrspaceAPP.TestWizrspace.wizrspace_home()'><b>wizrspace_home</b><br>Test class: com.wizrspaceAPP.TestWizrspace</td>
<td></td>
<td>59</td>
<td>com.wizrspaceAPP.TestWizrspace@363a52f</td></tr>
</table><p>
</body>
</html>